Change Component Footprint: Designator=J4 Old Footprint=MOLX-47346-0001-5_V New Footprint=MOLX-47346-0001-5_V
Added Pin To Net: NetName=NetC1_1 Pin=C1-1
Added Pin To Net: NetName=GND Pin=C1-2
Added Pin To Net: NetName=NetC2_1 Pin=C2-1
Added Pin To Net: NetName=GND Pin=C2-2
Added Pin To Net: NetName=NetC1_1 Pin=D1-1
Added Pin To Net: NetName=NetD1_2 Pin=D1-2
Added Pin To Net: NetName=NetC1_1 Pin=D2-1
Added Pin To Net: NetName=NetD2_2 Pin=D2-2
Added Pin To Net: NetName=GND Pin=J1-1
Added Pin To Net: NetName=NetC2_1 Pin=J1-2
Added Pin To Net: NetName=GND Pin=J2-1
Added Pin To Net: NetName=NetC2_1 Pin=J2-2
Added Pin To Net: NetName=GND Pin=J3-1
Added Pin To Net: NetName=NetC2_1 Pin=J3-2
Added Pin To Net: NetName=NetD1_2 Pin=J4-1
Added Pin To Net: NetName=GND Pin=J4-5
Added Pin To Net: NetName=GND Pin=J5-1
Added Pin To Net: NetName=NetC2_1 Pin=J5-2
Added Pin To Net: NetName=GND Pin=J6-1
Added Pin To Net: NetName=NetD2_2 Pin=J6-2
Added Pin To Net: NetName=GND Pin=J6-3
Added Pin To Net: NetName=NetC1_1 Pin=LED1-1
Added Pin To Net: NetName=NetLED1_2 Pin=LED1-2
Added Pin To Net: NetName=NetC1_1 Pin=LED2-1
Added Pin To Net: NetName=NetLED1_2 Pin=LED2-2
Added Pin To Net: NetName=GND Pin=R1-1
Added Pin To Net: NetName=NetR1_2 Pin=R1-2
Added Pin To Net: NetName=GND Pin=R2-1
Added Pin To Net: NetName=NetR2_2 Pin=R2-2
Added Pin To Net: NetName=GND Pin=R3-1
Added Pin To Net: NetName=NetR3_2 Pin=R3-2
Added Pin To Net: NetName=NetLED1_2 Pin=R4-1
Added Pin To Net: NetName=NetR4_2 Pin=R4-2
Added Pin To Net: NetName=NetR1_2 Pin=SJ1-1
Added Pin To Net: NetName=NetR3_2 Pin=SJ1-2
Added Pin To Net: NetName=NetR2_2 Pin=SJ1-3
Added Pin To Net: NetName=NetR4_2 Pin=U1-1
Added Pin To Net: NetName=GND Pin=U1-2
Added Pin To Net: NetName=NetC2_1 Pin=U1-3
Added Pin To Net: NetName=NetC1_1 Pin=U1-4
Added Pin To Net: NetName=NetR3_2 Pin=U1-5
Added Member To Class: ClassName=LiPoBattery Member=Component C1 4.7uF
Added Member To Class: ClassName=LiPoBattery Member=Component C2 4.7uF
Added Member To Class: ClassName=LiPoBattery Member=Component D1 40V, 1A
Added Member To Class: ClassName=LiPoBattery Member=Component D2 40V, 1A
Added Member To Class: ClassName=LiPoBattery Member=Component J1 CONN HEADER R/A 2POS 5.08MM
Added Member To Class: ClassName=LiPoBattery Member=Component J2 CONN HEADER R/A 2POS 5.08MM
Added Member To Class: ClassName=LiPoBattery Member=Component J3 2 POS VERT HEADER 0.100"
Added Member To Class: ClassName=LiPoBattery Member=Component J4 47346-0001
Added Member To Class: ClassName=LiPoBattery Member=Component J5 2 POS VERT HEADER 0.100"
Added Member To Class: ClassName=LiPoBattery Member=Component J6 CONN PWR JACK 2.1X5.5MM SOLDER
Added Member To Class: ClassName=LiPoBattery Member=Component LED1 RED
Added Member To Class: ClassName=LiPoBattery Member=Component LED2 RED
Added Member To Class: ClassName=LiPoBattery Member=Component MHNP1 Mounting Hole Non-Plated 3.2mm
Added Member To Class: ClassName=LiPoBattery Member=Component MHNP2 Mounting Hole Non-Plated 3.2mm
Added Member To Class: ClassName=LiPoBattery Member=Component MHNP3 Mounting Hole Non-Plated 3.2mm
Added Member To Class: ClassName=LiPoBattery Member=Component MHNP4 Mounting Hole Non-Plated 3.2mm
Added Member To Class: ClassName=LiPoBattery Member=Component R1 2k
Added Member To Class: ClassName=LiPoBattery Member=Component R2 10k
Added Member To Class: ClassName=LiPoBattery Member=Component R3 PROG
Added Member To Class: ClassName=LiPoBattery Member=Component R4 330
Added Member To Class: ClassName=LiPoBattery Member=Component SJ1 SJUMPER3POS
Added Member To Class: ClassName=LiPoBattery Member=Component U1 Charge Management Controller
Added Room: Name=LiPoBattery
